#
# There is insufficient memory for the Java Runtime Environment to continue.
# Native memory allocation (malloc) failed to allocate 928256 bytes for Chunk::new
# Possible reasons:
#   The system is out of physical RAM or swap space
#   The process is running with CompressedOops enabled, and the Java Heap may be blocking the growth of the native heap
# Possible solutions:
#   Reduce memory load on the system
#   Increase physical memory or swap space
#   Check if swap backing store is full
#   Decrease Java heap size (-Xmx/-Xms)
#   Decrease number of Java threads
#   Decrease Java thread stack sizes (-Xss)
#   Set larger code cache with -XX:ReservedCodeCacheSize=
#   JVM is running with Unscaled Compressed Oops mode in which the Java heap is
#     placed in the first 4GB address space. The Java Heap base address is the
#     maximum limit for the native heap growth. Please use -XX:HeapBaseMinAddress
#     to set the Java Heap base and to place the Java Heap above 4GB virtual address.
# This output file may be truncated or incomplete.
#
#  Out of Memory Error (allocation.cpp:389), pid=1092, tid=0x000000000000332c
#
# JRE version: OpenJDK Runtime Environment (8.0_242-b01) (build 1.8.0_242-release-1644-b01)
# Java VM: OpenJDK 64-Bit Server VM (25.242-b01 mixed mode windows-amd64 compressed oops)
# Failed to write core dump. Minidumps are not enabled by default on client versions of Windows
#

---------------  T H R E A D  ---------------

Current thread (0x0000000018c95000):  JavaThread "C2 CompilerThread1" daemon [_thread_in_native, id=13100, stack(0x0000000019690000,0x0000000019790000)]

Stack: [0x0000000019690000,0x0000000019790000]
[error occurred during error reporting (printing stack bounds), id 0xc0000005]

Native frames: (J=compiled Java code, j=interpreted, Vv=VM code, C=native code)


Current CompileTask:
C2: 104736 14214   !   4       java.io.ObjectOutputStream::writeObject0 (619 bytes)


---------------  P R O C E S S  ---------------

Java Threads: ( => current thread )
  0x000000001e79f000 JavaThread "ForkJoinPool.commonPool-worker-7" daemon [_thread_blocked, id=19980, stack(0x000000002ad20000,0x000000002ae20000)]
  0x000000001e7a5000 JavaThread "ForkJoinPool.commonPool-worker-6" daemon [_thread_blocked, id=11208, stack(0x000000002ab10000,0x000000002ac10000)]
  0x000000001e7a3800 JavaThread "ForkJoinPool.commonPool-worker-5" daemon [_thread_blocked, id=5484, stack(0x000000002aa10000,0x000000002ab10000)]
  0x000000001e7a2000 JavaThread "ForkJoinPool.commonPool-worker-4" daemon [_thread_blocked, id=23460, stack(0x000000002a6f0000,0x000000002a7f0000)]
  0x000000001e7a3000 JavaThread "ForkJoinPool.commonPool-worker-3" daemon [_thread_blocked, id=20260, stack(0x000000002a5f0000,0x000000002a6f0000)]
  0x000000001e79c000 JavaThread "ForkJoinPool.commonPool-worker-2" daemon [_thread_blocked, id=9944, stack(0x0000000029cf0000,0x0000000029df0000)]
  0x000000001e79e800 JavaThread "ForkJoinPool.commonPool-worker-1" daemon [_thread_blocked, id=18680, stack(0x0000000029470000,0x0000000029570000)]
  0x000000001e7a1800 JavaThread "WorkerExecutor Queue Thread 7" [_thread_blocked, id=19820, stack(0x0000000029070000,0x0000000029170000)]
  0x000000001e79b800 JavaThread "WorkerExecutor Queue Thread 6" [_thread_blocked, id=9988, stack(0x0000000001280000,0x0000000001380000)]
  0x000000001e7a0000 JavaThread "WorkerExecutor Queue Thread 4" [_thread_blocked, id=23992, stack(0x0000000029bf0000,0x0000000029cf0000)]
  0x000000001fa2d000 JavaThread "Cache worker for Java compile cache (C:\Users\steve\Desktop\TheProjet\Scarlet-Serenity\.gradle\6.1.1\javaCompile)" [_thread_blocked, id=11168, stack(0x000000001d4e0000,0x000000001d5e0000)]
  0x000000001fa27800 JavaThread "Cache worker for Java compile cache (C:\Users\steve\.gradle\caches\6.1.1\javaCompile)" [_thread_blocked, id=22144, stack(0x0000000001480000,0x0000000001580000)]
  0x000000001fa2c000 JavaThread "RMI TCP Connection(6)-127.0.0.1" daemon [_thread_in_native, id=10592, stack(0x0000000001380000,0x0000000001480000)]
  0x000000001fa2a800 JavaThread "RMI TCP Connection(idle)" daemon [_thread_blocked, id=26496, stack(0x0000000029170000,0x0000000029270000)]
  0x000000001fa21800 JavaThread "RMI TCP Connection(idle)" daemon [_thread_blocked, id=24756, stack(0x0000000028f70000,0x0000000029070000)]
  0x000000001fa27000 JavaThread "RMI Reaper" [_thread_blocked, id=8788, stack(0x0000000028e70000,0x0000000028f70000)]
  0x000000001fa28800 JavaThread "RMI TCP Accept-0" daemon [_thread_in_native, id=11736, stack(0x0000000028d70000,0x0000000028e70000)]
  0x000000001fa22800 JavaThread "GC Daemon" daemon [_thread_blocked, id=268, stack(0x0000000028c70000,0x0000000028d70000)]
  0x000000001fa25800 JavaThread "RMI RenewClean-[127.0.0.1:17393,org.jetbrains.kotlin.daemon.common.LoopbackNetworkInterface$ClientLoopbackSocketFactory@1c3a38ae]" daemon [_thread_blocked, id=20648, stack(0x0000000028b70000,0x0000000028c70000)]
  0x000000001fa24800 JavaThread "RMI Scheduler(0)" daemon [_thread_blocked, id=18288, stack(0x0000000028420000,0x0000000028520000)]
  0x000000001fa24000 JavaThread "Cache worker for execution history cache (C:\Users\steve\Desktop\TheProjet\Scarlet-Serenity\.gradle\6.1.1\executionHistory)" [_thread_blocked, id=18872, stack(0x0000000028120000,0x0000000028220000)]
  0x000000001a9d9800 JavaThread "Cache worker for file content cache (C:\Users\steve\Desktop\TheProjet\Scarlet-Serenity\.gradle\6.1.1\fileContent)" [_thread_blocked, id=15604, stack(0x0000000026070000,0x0000000026170000)]
  0x000000001a9d6800 JavaThread "Cache worker for file content cache (C:\Users\steve\.gradle\caches\6.1.1\fileContent)" [_thread_blocked, id=23792, stack(0x0000000025f70000,0x0000000026070000)]
  0x000000001a9db000 JavaThread "Memory manager" [_thread_blocked, id=8212, stack(0x0000000025e70000,0x0000000025f70000)]
  0x000000001a9d7800 JavaThread "Cache worker for Build Output Cleanup Cache (C:\Users\steve\Desktop\TheProjet\Scarlet-Serenity\.gradle\buildOutputCleanup)" [_thread_blocked, id=8216, stack(0x0000000025170000,0x0000000025270000)]
  0x000000001a9ce800 JavaThread "Build operations Thread 8" [_thread_blocked, id=25812, stack(0x0000000024a70000,0x0000000024b70000)]
  0x000000001a9d5000 JavaThread "Build operations Thread 7" [_thread_blocked, id=13356, stack(0x0000000024970000,0x0000000024a70000)]
  0x000000001a9d4800 JavaThread "Build operations Thread 6" [_thread_blocked, id=19192, stack(0x00000000237f0000,0x00000000238f0000)]
  0x000000001a9d0800 JavaThread "Build operations Thread 5" [_thread_blocked, id=3472, stack(0x00000000236f0000,0x00000000237f0000)]
  0x000000001a9cf000 JavaThread "Build operations Thread 4" [_thread_blocked, id=22416, stack(0x00000000235f0000,0x00000000236f0000)]
  0x000000001a9cd800 JavaThread "Build operations Thread 3" [_thread_blocked, id=9320, stack(0x00000000234f0000,0x00000000235f0000)]
  0x000000001a9d3000 JavaThread "Build operations Thread 2" [_thread_blocked, id=26156, stack(0x00000000233f0000,0x00000000234f0000)]
  0x000000001a9d0000 JavaThread "Build operations" [_thread_blocked, id=1296, stack(0x00000000232f0000,0x00000000233f0000)]
  0x0000000018e66000 JavaThread "Cache worker for execution history cache (C:\Users\steve\.gradle\caches\6.1.1\executionHistory)" [_thread_blocked, id=26356, stack(0x00000000213b0000,0x00000000214b0000)]
  0x0000000018e60000 JavaThread "Cache worker for cache directory md-rule (C:\Users\steve\.gradle\caches\6.1.1\md-rule)" [_thread_blocked, id=12432, stack(0x0000000020080000,0x0000000020180000)]
  0x0000000018e62800 JavaThread "Cache worker for cache directory md-supplier (C:\Users\steve\.gradle\caches\6.1.1\md-supplier)" [_thread_blocked, id=10020, stack(0x000000001ff80000,0x0000000020080000)]
  0x0000000018e61000 JavaThread "Cache worker for file hash cache (C:\Users\steve\Desktop\TheProjet\Scarlet-Serenity\.gradle\6.1.1\fileHashes)" [_thread_blocked, id=16432, stack(0x00000000212b0000,0x00000000213b0000)]
  0x0000000018e63000 JavaThread "Cache worker for checksums cache (C:\Users\steve\Desktop\TheProjet\Scarlet-Serenity\.gradle\checksums)" [_thread_blocked, id=26124, stack(0x00000000211b0000,0x00000000212b0000)]
  0x0000000018e64000 JavaThread "Cache worker for file hash cache (C:\Users\steve\.gradle\caches\6.1.1\fileHashes)" [_thread_blocked, id=8132, stack(0x000000001dae0000,0x000000001dbe0000)]
  0x0000000018e65800 JavaThread "File lock request listener" [_thread_in_native, id=11220, stack(0x000000001d9e0000,0x000000001dae0000)]
  0x0000000018f84800 JavaThread "Cache worker for journal cache (C:\Users\steve\.gradle\caches\journal-1)" [_thread_blocked, id=13924, stack(0x000000001d8e0000,0x000000001d9e0000)]
  0x000000001a1d5000 JavaThread "Thread-9" [_thread_blocked, id=13896, stack(0x000000001d5e0000,0x000000001d6e0000)]
  0x000000001a277800 JavaThread "Asynchronous log dispatcher for DefaultDaemonConnection: socket connection from /127.0.0.1:1451 to /127.0.0.1:1452" [_thread_blocked, id=15392, stack(0x000000001d2e0000,0x000000001d3e0000)]
  0x000000001a277000 JavaThread "Daemon worker" [_thread_in_vm, id=13868, stack(0x000000001d1e0000,0x000000001d2e0000)]
  0x000000001a45c000 JavaThread "Cancel handler" [_thread_blocked, id=1748, stack(0x000000001d0e0000,0x000000001d1e0000)]
  0x000000001a31e800 JavaThread "Handler for socket connection from /127.0.0.1:1451 to /127.0.0.1:1452" [_thread_in_native, id=12216, stack(0x000000001cde0000,0x000000001cee0000)]
  0x000000001a31d800 JavaThread "Daemon" [_thread_blocked, id=9712, stack(0x000000001cce0000,0x000000001cde0000)]
  0x0000000018d39000 JavaThread "Daemon periodic checks" [_thread_blocked, id=4084, stack(0x000000001cbe0000,0x000000001cce0000)]
  0x0000000018d36800 JavaThread "Incoming local TCP Connector on port 1451" [_thread_in_native, id=5520, stack(0x000000001c970000,0x000000001ca70000)]
  0x000000001b792800 JavaThread "Daemon health stats" [_thread_blocked, id=10664, stack(0x000000001c330000,0x000000001c430000)]
  0x0000000018d32000 JavaThread "Service Thread" daemon [_thread_blocked, id=10768, stack(0x0000000019990000,0x0000000019a90000)]
  0x0000000018cc3000 JavaThread "C1 CompilerThread3" daemon [_thread_blocked, id=24708, stack(0x0000000019890000,0x0000000019990000)]
  0x0000000018ca5800 JavaThread "C2 CompilerThread2" daemon [_thread_blocked, id=16364, stack(0x0000000019790000,0x0000000019890000)]
=>0x0000000018c95000 JavaThread "C2 CompilerThread1" daemon [_thread_in_native, id=13100, stack(0x0000000019690000,0x0000000019790000)]
  0x0000000018c92800 JavaThread "C2 CompilerThread0" daemon [_thread_blocked, id=3792, stack(0x0000000019590000,0x0000000019690000)]
  0x0000000018c90000 JavaThread "Attach Listener" daemon [_thread_blocked, id=11200, stack(0x0000000019490000,0x0000000019590000)]
  0x0000000018c8f000 JavaThread "Signal Dispatcher" daemon [_thread_blocked, id=17860, stack(0x0000000019390000,0x0000000019490000)]
  0x00000000030bc800 JavaThread "Finalizer" daemon [_thread_blocked, id=16632, stack(0x0000000019160000,0x0000000019260000)]
  0x0000000018c80800 JavaThread "Reference Handler" daemon [_thread_blocked, id=21000, stack(0x0000000019060000,0x0000000019160000)]
  0x0000000002fc2800 JavaThread "main" [_thread_blocked, id=17736, stack(0x0000000002e20000,0x0000000002f20000)]

Other Threads:
  0x0000000016e76800 VMThread [stack: 0x0000000018b60000,0x0000000018c60000] [id=5184]
  0x0000000018cdd800 WatcherThread [stack: 0x0000000019a90000,0x0000000019b90000] [id=10324]

VM state:not at safepoint (normal execution)

VM Mutex/Monitor currently owned by a thread: None

heap address: 0x00000000a0000000, size: 1536 MB, Compressed Oops mode: 32-bit
Narrow klass base: 0x0000000000000000, Narrow klass shift: 3
Compressed class space size: 1073741824 Address: 0x0000000100000000

Heap:
 PSYoungGen      total 358912K, used 185462K [0x00000000e0000000, 0x0000000100000000, 0x0000000100000000)
  eden space 334336K, 48% used [0x00000000e0000000,0x00000000e9d225c0,0x00000000f4680000)
  from space 24576K, 99% used [0x00000000f4680000,0x00000000f5e7b3c8,0x00000000f5e80000)
  to   space 33280K, 0% used [0x00000000fdf80000,0x00000000fdf80000,0x0000000100000000)
 ParOldGen       total 159744K, used 63078K [0x00000000a0000000, 0x00000000a9c00000, 0x00000000e0000000)
  object space 159744K, 39% used [0x00000000a0000000,0x00000000a3d99a18,0x00000000a9c00000)
 Metaspace       used 89059K, capacity 94270K, committed 94360K, reserved 1130496K
  class space    used 12178K, capacity 13147K, committed 13232K, reserved 1048576K

Card table byte_map: [0x0000000012480000,0x0000000012790000] byte_map_base: 0x0000000011f80000

Marking Bits: (ParMarkBitMap*) 0x000000006c0df030
 Begin Bits: [0x0000000013190000, 0x0000000014990000)
 End Bits:   [0x0000000014990000, 0x0000000016190000)

Polling page: 0x0000000001730000

CodeCache: size=245760Kb used=39093Kb max_used=39326Kb free=206666Kb
 bounds [0x00000000030c0000, 0x0000000005770000, 0x00000000120c0000]
 total_blobs=12889 nmethods=11997 adapters=803
 compilation: enabled

Compilation events (10 events):
Event: 104.720 Thread 0x0000000018ca5800 nmethod 14241 0x000000000492f310 code [0x000000000492f440, 0x000000000492f4d8]
Event: 104.721 Thread 0x0000000018cc3000 14242       3       org.gradle.internal.instantiation.generator.AsmBackedClassGenerator$ClassBuilderImpl::applyManagedStateToProperty (26 bytes)
Event: 104.724 Thread 0x0000000018cc3000 nmethod 14242 0x0000000004857910 code [0x0000000004857bc0, 0x0000000004858fe8]
Event: 104.725 Thread 0x0000000018ca5800 14243       4       com.google.common.collect.CompactHashMap::isEmpty (13 bytes)
Event: 104.725 Thread 0x0000000018cc3000 14244       3       org.gradle.api.internal.tasks.properties.annotations.InputPropertyAnnotationHandler::getAllowedModifiers (7 bytes)
Event: 104.725 Thread 0x0000000018ca5800 nmethod 14243 0x0000000003ad3250 code [0x0000000003ad3380, 0x0000000003ad33f8]
Event: 104.726 Thread 0x0000000018cc3000 nmethod 14244 0x00000000048667d0 code [0x0000000004866960, 0x0000000004866dd0]
Event: 104.726 Thread 0x0000000018cc3000 14245       3       org.gradle.api.internal.tasks.properties.annotations.InputPropertyAnnotationHandler::validatePropertyMetadata (121 bytes)
Event: 104.728 Thread 0x0000000018c92800 nmethod 14239% 0x000000000453bf50 code [0x000000000453c0a0, 0x000000000453c3d8]
Event: 104.730 Thread 0x0000000018cc3000 nmethod 14245 0x00000000047c4b50 code [0x00000000047c4fa0, 0x00000000047c77f8]

GC Heap History (10 events):
Event: 25.438 GC heap before
{Heap before GC invocations=12 (full 2):
 PSYoungGen      total 221184K, used 18343K [0x00000000e0000000, 0x00000000f0980000, 0x0000000100000000)
  eden space 206848K, 1% used [0x00000000e0000000,0x00000000e03f0938,0x00000000eca00000)
  from space 14336K, 99% used [0x00000000eca00000,0x00000000ed7f92f0,0x00000000ed800000)
  to   space 20992K, 0% used [0x00000000ef500000,0x00000000ef500000,0x00000000f0980000)
 ParOldGen       total 126976K, used 31314K [0x00000000a0000000, 0x00000000a7c00000, 0x00000000e0000000)
  object space 126976K, 24% used [0x00000000a0000000,0x00000000a1e94808,0x00000000a7c00000)
 Metaspace       used 56755K, capacity 58962K, committed 59160K, reserved 1099776K
  class space    used 7684K, capacity 8213K, committed 8240K, reserved 1048576K
Event: 25.488 GC heap after
Heap after GC invocations=12 (full 2):
 PSYoungGen      total 251392K, used 8496K [0x00000000e0000000, 0x00000000f6000000, 0x0000000100000000)
  eden space 230400K, 0% used [0x00000000e0000000,0x00000000e0000000,0x00000000ee100000)
  from space 20992K, 40% used [0x00000000ef500000,0x00000000efd4c010,0x00000000f0980000)
  to   space 20480K, 0% used [0x00000000ee100000,0x00000000ee100000,0x00000000ef500000)
 ParOldGen       total 126976K, used 37192K [0x00000000a0000000, 0x00000000a7c00000, 0x00000000e0000000)
  object space 126976K, 29% used [0x00000000a0000000,0x00000000a24520b0,0x00000000a7c00000)
 Metaspace       used 56755K, capacity 58962K, committed 59160K, reserved 1099776K
  class space    used 7684K, capacity 8213K, committed 8240K, reserved 1048576K
}
Event: 25.488 GC heap before
{Heap before GC invocations=13 (full 3):
 PSYoungGen      total 251392K, used 8496K [0x00000000e0000000, 0x00000000f6000000, 0x0000000100000000)
  eden space 230400K, 0% used [0x00000000e0000000,0x00000000e0000000,0x00000000ee100000)
  from space 20992K, 40% used [0x00000000ef500000,0x00000000efd4c010,0x00000000f0980000)
  to   space 20480K, 0% used [0x00000000ee100000,0x00000000ee100000,0x00000000ef500000)
 ParOldGen       total 126976K, used 37192K [0x00000000a0000000, 0x00000000a7c00000, 0x00000000e0000000)
  object space 126976K, 29% used [0x00000000a0000000,0x00000000a24520b0,0x00000000a7c00000)
 Metaspace       used 56755K, capacity 58962K, committed 59160K, reserved 1099776K
  class space    used 7684K, capacity 8213K, committed 8240K, reserved 1048576K
Event: 26.090 GC heap after
Heap after GC invocations=13 (full 3):
 PSYoungGen      total 251392K, used 0K [0x00000000e0000000, 0x00000000f6000000, 0x0000000100000000)
  eden space 230400K, 0% used [0x00000000e0000000,0x00000000e0000000,0x00000000ee100000)
  from space 20992K, 0% used [0x00000000ef500000,0x00000000ef500000,0x00000000f0980000)
  to   space 20480K, 0% used [0x00000000ee100000,0x00000000ee100000,0x00000000ef500000)
 ParOldGen       total 159744K, used 31571K [0x00000000a0000000, 0x00000000a9c00000, 0x00000000e0000000)
  object space 159744K, 19% used [0x00000000a0000000,0x00000000a1ed4f80,0x00000000a9c00000)
 Metaspace       used 56731K, capacity 58878K, committed 59160K, reserved 1099776K
  class space    used 7676K, capacity 8199K, committed 8240K, reserved 1048576K
}
Event: 31.517 GC heap before
{Heap before GC invocations=14 (full 3):
 PSYoungGen      total 251392K, used 230400K [0x00000000e0000000, 0x00000000f6000000, 0x0000000100000000)
  eden space 230400K, 100% used [0x00000000e0000000,0x00000000ee100000,0x00000000ee100000)
  from space 20992K, 0% used [0x00000000ef500000,0x00000000ef500000,0x00000000f0980000)
  to   space 20480K, 0% used [0x00000000ee100000,0x00000000ee100000,0x00000000ef500000)
 ParOldGen       total 159744K, used 31571K [0x00000000a0000000, 0x00000000a9c00000, 0x00000000e0000000)
  object space 159744K, 19% used [0x00000000a0000000,0x00000000a1ed4f80,0x00000000a9c00000)
 Metaspace       used 63945K, capacity 67024K, committed 67352K, reserved 1107968K
  class space    used 8717K, capacity 9402K, committed 9520K, reserved 1048576K
Event: 31.543 GC heap after
Heap after GC invocations=14 (full 3):
 PSYoungGen      total 250880K, used 20454K [0x00000000e0000000, 0x00000000f7b00000, 0x0000000100000000)
  eden space 230400K, 0% used [0x00000000e0000000,0x00000000e0000000,0x00000000ee100000)
  from space 20480K, 99% used [0x00000000ee100000,0x00000000ef4f98b0,0x00000000ef500000)
  to   space 23552K, 0% used [0x00000000f6400000,0x00000000f6400000,0x00000000f7b00000)
 ParOldGen       total 159744K, used 32522K [0x00000000a0000000, 0x00000000a9c00000, 0x00000000e0000000)
  object space 159744K, 20% used [0x00000000a0000000,0x00000000a1fc28a8,0x00000000a9c00000)
 Metaspace       used 63945K, capacity 67024K, committed 67352K, reserved 1107968K
  class space    used 8717K, capacity 9402K, committed 9520K, reserved 1048576K
}
Event: 39.437 GC heap before
{Heap before GC invocations=15 (full 3):
 PSYoungGen      total 250880K, used 250854K [0x00000000e0000000, 0x00000000f7b00000, 0x0000000100000000)
  eden space 230400K, 100% used [0x00000000e0000000,0x00000000ee100000,0x00000000ee100000)
  from space 20480K, 99% used [0x00000000ee100000,0x00000000ef4f98b0,0x00000000ef500000)
  to   space 23552K, 0% used [0x00000000f6400000,0x00000000f6400000,0x00000000f7b00000)
 ParOldGen       total 159744K, used 32522K [0x00000000a0000000, 0x00000000a9c00000, 0x00000000e0000000)
  object space 159744K, 20% used [0x00000000a0000000,0x00000000a1fc28a8,0x00000000a9c00000)
 Metaspace       used 70872K, capacity 74100K, committed 74136K, reserved 1114112K
  class space    used 9655K, capacity 10384K, committed 10416K, reserved 1048576K
Event: 39.500 GC heap after
Heap after GC invocations=15 (full 3):
 PSYoungGen      total 353280K, used 18199K [0x00000000e0000000, 0x00000000f7680000, 0x0000000100000000)
  eden space 334336K, 0% used [0x00000000e0000000,0x00000000e0000000,0x00000000f4680000)
  from space 18944K, 96% used [0x00000000f6400000,0x00000000f75c5dd0,0x00000000f7680000)
  to   space 24576K, 0% used [0x00000000f4680000,0x00000000f4680000,0x00000000f5e80000)
 ParOldGen       total 159744K, used 48317K [0x00000000a0000000, 0x00000000a9c00000, 0x00000000e0000000)
  object space 159744K, 30% used [0x00000000a0000000,0x00000000a2f2f6c0,0x00000000a9c00000)
 Metaspace       used 70872K, capacity 74100K, committed 74136K, reserved 1114112K
  class space    used 9655K, capacity 10384K, committed 10416K, reserved 1048576K
}
Event: 100.028 GC heap before
{Heap before GC invocations=16 (full 3):
 PSYoungGen      total 353280K, used 352535K [0x00000000e0000000, 0x00000000f7680000, 0x0000000100000000)
  eden space 334336K, 100% used [0x00000000e0000000,0x00000000f4680000,0x00000000f4680000)
  from space 18944K, 96% used [0x00000000f6400000,0x00000000f75c5dd0,0x00000000f7680000)
  to   space 24576K, 0% used [0x00000000f4680000,0x00000000f4680000,0x00000000f5e80000)
 ParOldGen       total 159744K, used 48317K [0x00000000a0000000, 0x00000000a9c00000, 0x00000000e0000000)
  object space 159744K, 30% used [0x00000000a0000000,0x00000000a2f2f6c0,0x00000000a9c00000)
 Metaspace       used 84223K, capacity 88610K, committed 88728K, reserved 1126400K
  class space    used 11532K, capacity 12423K, committed 12464K, reserved 1048576K
Event: 100.107 GC heap after
Heap after GC invocations=16 (full 3):
 PSYoungGen      total 358912K, used 24556K [0x00000000e0000000, 0x0000000100000000, 0x0000000100000000)
  eden space 334336K, 0% used [0x00000000e0000000,0x00000000e0000000,0x00000000f4680000)
  from space 24576K, 99% used [0x00000000f4680000,0x00000000f5e7b3c8,0x00000000f5e80000)
  to   space 33280K, 0% used [0x00000000fdf80000,0x00000000fdf80000,0x0000000100000000)
 ParOldGen       total 159744K, used 63078K [0x00000000a0000000, 0x00000000a9c00000, 0x00000000e0000000)
  object space 159744K, 39% used [0x00000000a0000000,0x00000000a3d99a18,0x00000000a9c00000)
 Metaspace       used 84223K, capacity 88610K, committed 88728K, reserved 1126400K
  class space    used 11532K, capacity 12423K, committed 12464K, reserved 1048576K
}

Deoptimization events (10 events):
Event: 102.930 Thread 0x000000001fa23000 Uncommon trap: reason=unstable_if action=reinterpret pc=0x0000000004769ad4 method=org.gradle.internal.snapshot.VfsRelativePath.lengthOfCommonPrefix(Ljava/lang/String;Lorg/gradle/internal/snapshot/CaseSensitivity;)I @ 117
Event: 103.139 Thread 0x000000001fa23000 Uncommon trap: reason=unstable_if action=reinterpret pc=0x0000000004948804 method=sun.nio.fs.WindowsPathParser.isSlash(C)Z @ 9
Event: 103.165 Thread 0x000000001fa23000 Uncommon trap: reason=array_check action=maybe_recompile pc=0x000000000565cf68 method=java.util.TimSort.reverseRange([Ljava/lang/Object;II)V @ 20
Event: 103.165 Thread 0x000000001fa23000 Uncommon trap: reason=array_check action=maybe_recompile pc=0x000000000565cf68 method=java.util.TimSort.reverseRange([Ljava/lang/Object;II)V @ 20
Event: 103.314 Thread 0x000000001e79b800 Uncommon trap: reason=unstable_if action=reinterpret pc=0x000000000420c390 method=java.util.stream.StreamOpFlag.getMask(I)I @ 1
Event: 103.551 Thread 0x000000001e79b800 Uncommon trap: reason=unstable_if action=reinterpret pc=0x0000000003ac2f40 method=java.nio.Buffer.limit(I)Ljava/nio/Buffer; @ 33
Event: 103.918 Thread 0x000000001e79b800 Uncommon trap: reason=unstable_if action=reinterpret pc=0x00000000054b4bbc method=java.nio.Bits.getInt(Ljava/nio/ByteBuffer;IZ)I @ 1
Event: 103.926 Thread 0x000000001e79b800 Uncommon trap: reason=unstable_if action=reinterpret pc=0x00000000054b63cc method=java.nio.Bits.getInt(Ljava/nio/ByteBuffer;IZ)I @ 1
Event: 104.515 Thread 0x000000001a9d8000 Uncommon trap: reason=unstable_if action=reinterpret pc=0x0000000003e006d4 method=java.util.concurrent.locks.AbstractQueuedSynchronizer.acquireQueued(Ljava/util/concurrent/locks/AbstractQueuedSynchronizer$Node;I)Z @ 70
Event: 104.528 Thread 0x000000001a277000 Uncommon trap: reason=unstable_if action=reinterpret pc=0x000000000374c6a0 method=org.gradle.internal.event.DefaultListenerManager$EventBroadcast.startNotification(Z)Ljava/util/List; @ 5

Classes redefined (0 events):
No events

Internal exceptions (10 events):
Event: 101.927 Thread 0x000000001e79d000 Implicit null exception at 0x00000000031ccc2f to 0x00000000031ccd21
Event: 101.927 Thread 0x000000001e7a1800 Implicit null exception at 0x00000000031ccc2f to 0x00000000031ccd21
Event: 101.927 Thread 0x000000001e7a4800 Implicit null exception at 0x00000000031ccc2f to 0x00000000031ccd21
Event: 102.630 Thread 0x000000001e79f000 Implicit null exception at 0x0000000004f4250f to 0x0000000004f4267d
Event: 102.873 Thread 0x000000001e79f000 Exception <a 'sun/nio/fs/WindowsException'> (0x00000000e7cb7bd0) thrown at [C:\src\AOSP-openjdk-git\hotspot\src\share\vm\prims\jni.cpp, line 710]
Event: 103.158 Thread 0x000000001fa23000 Exception <a 'java/lang/NoSuchMethodError': <clinit>> (0x00000000e844cf60) thrown at [C:\src\AOSP-openjdk-git\hotspot\src\share\vm\prims\jni.cpp, line 1615]
Event: 103.158 Thread 0x000000001fa23000 Exception <a 'java/lang/NoSuchMethodError': <clinit>> (0x00000000e84517e8) thrown at [C:\src\AOSP-openjdk-git\hotspot\src\share\vm\prims\jni.cpp, line 1615]
Event: 103.165 Thread 0x000000001fa23000 Exception <a 'java/lang/NoSuchMethodError': <clinit>> (0x00000000e848aa60) thrown at [C:\src\AOSP-openjdk-git\hotspot\src\share\vm\prims\jni.cpp, line 1615]
Event: 103.280 Thread 0x000000001e79b800 Exception <a 'java/lang/NoSuchMethodError': java.lang.Object.newSystemTemporaryDirectory()Lcom/android/tools/build/apkzlib/bytestorage/TemporaryDirectory;> (0x00000000e8706310) thrown at [C:\src\AOSP-openjdk-git\hotspot\src\share\vm\interpreter\linkResolv
Event: 103.481 Thread 0x000000001e79b800 Exception <a 'java/lang/NoSuchMethodError': java.lang.Object.lambda$static$0(Lcom/android/apksig/util/RunnablesProvider;)V> (0x00000000e89e8ba8) thrown at [C:\src\AOSP-openjdk-git\hotspot\src\share\vm\interpreter\linkResolver.cpp, line 620]

Events (10 events):
Event: 104.716 loading class com/android/builder/packaging/JarCreator
Event: 104.716 loading class com/android/builder/packaging/JarCreator done
Event: 104.717 loading class com/android/builder/packaging/JarCreator$Relocator
Event: 104.717 loading class com/android/builder/packaging/JarCreator$Relocator done
Event: 104.728 loading class org/gradle/api/plugins/JavaBasePlugin$11$1
Event: 104.728 loading class org/gradle/api/plugins/JavaBasePlugin$11$1 done
Event: 104.729 loading class org/gradle/api/tasks/diagnostics/internal/DependencyReportRenderer
Event: 104.729 loading class org/gradle/api/tasks/diagnostics/internal/DependencyReportRenderer done
Event: 104.731 loading class org/gradle/api/tasks/diagnostics/internal/ProjectReportGenerator
Event: 104.731 loading class org/gradle/api/tasks/diagnostics/internal/ProjectReportGenerator done


Dynamic libraries:
0x00007ff6fb5b0000 - 0x00007ff6fb5e1000 	C:\Program Files\Android\Android Studio\jre\bin\java.exe
0x00007ff816160000 - 0x00007ff816350000 	C:\WINDOWS\SYSTEM32\ntdll.dll
0x00007ff814370000 - 0x00007ff814422000 	C:\WINDOWS\System32\KERNEL32.DLL
0x00007ff813560000 - 0x00007ff813805000 	C:\WINDOWS\System32\KERNELBASE.dll
0x00007ff815130000 - 0x00007ff8151d3000 	C:\WINDOWS\System32\ADVAPI32.dll
0x00007ff814c20000 - 0x00007ff814cbe000 	C:\WINDOWS\System32\msvcrt.dll
0x00007ff8151e0000 - 0x00007ff815277000 	C:\WINDOWS\System32\sechost.dll
0x00007ff815690000 - 0x00007ff8157b0000 	C:\WINDOWS\System32\RPCRT4.dll
0x00007ff815470000 - 0x00007ff815604000 	C:\WINDOWS\System32\USER32.dll
0x00007ff813290000 - 0x00007ff8132b1000 	C:\WINDOWS\System32\win32u.dll
0x00007ff815610000 - 0x00007ff815636000 	C:\WINDOWS\System32\GDI32.dll
0x00007ff8132c0000 - 0x00007ff813456000 	C:\WINDOWS\System32\gdi32full.dll
0x00007ff8131f0000 - 0x00007ff81328e000 	C:\WINDOWS\System32\msvcp_win.dll
0x00007ff8130f0000 - 0x00007ff8131ea000 	C:\WINDOWS\System32\ucrtbase.dll
0x00007ff8058e0000 - 0x00007ff805b64000 	C:\WINDOWS\WinSxS\amd64_microsoft.windows.common-controls_6595b64144ccf1df_6.0.18362.1139_none_9e7bf2d3e4605ac6\COMCTL32.dll
0x00007ff815910000 - 0x00007ff815c45000 	C:\WINDOWS\System32\combase.dll
0x00007ff814040000 - 0x00007ff8140c0000 	C:\WINDOWS\System32\bcryptPrimitives.dll
0x00007ff815640000 - 0x00007ff81566e000 	C:\WINDOWS\System32\IMM32.DLL
0x000000006b750000 - 0x000000006b822000 	C:\Program Files\Android\Android Studio\jre\jre\bin\msvcr100.dll
0x000000006b910000 - 0x000000006c15b000 	C:\Program Files\Android\Android Studio\jre\jre\bin\server\jvm.dll
0x00007ff815680000 - 0x00007ff815688000 	C:\WINDOWS\System32\PSAPI.DLL
0x00007ff80b760000 - 0x00007ff80b76a000 	C:\WINDOWS\SYSTEM32\VERSION.dll
0x00007ff80a100000 - 0x00007ff80a124000 	C:\WINDOWS\SYSTEM32\WINMM.dll
0x00007ff805330000 - 0x00007ff805339000 	C:\WINDOWS\SYSTEM32\WSOCK32.dll
0x00007ff815400000 - 0x00007ff81546f000 	C:\WINDOWS\System32\WS2_32.dll
0x00007ff809ec0000 - 0x00007ff809eed000 	C:\WINDOWS\SYSTEM32\WINMMBASE.dll
0x00007ff813460000 - 0x00007ff8134aa000 	C:\WINDOWS\System32\cfgmgr32.dll
0x00007ff800e50000 - 0x00007ff800e5f000 	C:\Program Files\Android\Android Studio\jre\jre\bin\verify.dll
0x00007ffff18a0000 - 0x00007ffff18c9000 	C:\Program Files\Android\Android Studio\jre\jre\bin\java.dll
0x00007ffff1880000 - 0x00007ffff1896000 	C:\Program Files\Android\Android Studio\jre\jre\bin\zip.dll
0x00007ff814530000 - 0x00007ff814c17000 	C:\WINDOWS\System32\SHELL32.dll
0x00007ff816070000 - 0x00007ff816119000 	C:\WINDOWS\System32\shcore.dll
0x00007ff813870000 - 0x00007ff813ff0000 	C:\WINDOWS\System32\windows.storage.dll
0x00007ff8130c0000 - 0x00007ff8130e3000 	C:\WINDOWS\System32\profapi.dll
0x00007ff813030000 - 0x00007ff81307a000 	C:\WINDOWS\System32\powrprof.dll
0x00007ff813020000 - 0x00007ff813030000 	C:\WINDOWS\System32\UMPDC.dll
0x00007ff815d90000 - 0x00007ff815de2000 	C:\WINDOWS\System32\shlwapi.dll
0x00007ff813080000 - 0x00007ff813091000 	C:\WINDOWS\System32\kernel.appcore.dll
0x00007ff813ff0000 - 0x00007ff814007000 	C:\WINDOWS\System32\cryptsp.dll
0x00007ffff1820000 - 0x00007ffff183a000 	C:\Program Files\Android\Android Studio\jre\jre\bin\net.dll
0x00007ff812870000 - 0x00007ff8128d7000 	C:\WINDOWS\system32\mswsock.dll
0x00007fffef4d0000 - 0x00007fffef4e3000 	C:\Program Files\Android\Android Studio\jre\jre\bin\nio.dll
0x00007ffff80d0000 - 0x00007ffff80f6000 	C:\Users\steve\.gradle\native\31\windows-amd64\native-platform.dll
0x00007ffffd2d0000 - 0x00007ffffd2dd000 	C:\Program Files\Android\Android Studio\jre\jre\bin\management.dll
0x00007ff8123e0000 - 0x00007ff812413000 	C:\WINDOWS\system32\rsaenh.dll
0x00007ff814010000 - 0x00007ff814036000 	C:\WINDOWS\System32\bcrypt.dll
0x00007ff812f40000 - 0x00007ff812f65000 	C:\WINDOWS\SYSTEM32\USERENV.dll
0x00007ff812a40000 - 0x00007ff812a4c000 	C:\WINDOWS\SYSTEM32\CRYPTBASE.dll
0x00007ff812580000 - 0x00007ff8125ba000 	C:\WINDOWS\SYSTEM32\IPHLPAPI.DLL
0x00007ff814360000 - 0x00007ff814368000 	C:\WINDOWS\System32\NSI.dll
0x00007ff80c600000 - 0x00007ff80c616000 	C:\WINDOWS\SYSTEM32\dhcpcsvc6.DLL
0x00007ff80c5c0000 - 0x00007ff80c5dc000 	C:\WINDOWS\SYSTEM32\dhcpcsvc.DLL
0x00007ff8125c0000 - 0x00007ff81268b000 	C:\WINDOWS\SYSTEM32\DNSAPI.dll
0x00007ff80d310000 - 0x00007ff80d32e000 	C:\Users\steve\AppData\Local\Temp\native-platform8941805958142991144dir\native-platform.dll

VM Arguments:
jvm_args: -Xmx1536m -Dfile.encoding=windows-1252 -Duser.country=FR -Duser.language=fr -Duser.variant 
java_command: org.gradle.launcher.daemon.bootstrap.GradleDaemon 6.1.1
java_class_path (initial): C:\Users\steve\.gradle\wrapper\dists\gradle-6.1.1-all\cfmwm155h49vnt3hynmlrsdst\gradle-6.1.1\lib\gradle-launcher-6.1.1.jar
Launcher Type: SUN_STANDARD

Environment Variables:
JAVA_HOME=C:\Program Files\Java\jdk-10.0.1
PATH=C:\Program Files\Microsoft MPI\Bin\;E:\SQLappli\app\oracle\product\11.2.0\server\bin;C:\Program Files (x86)\Common Files\Oracle\Java\javapath;C:\Program Files (x86)\Intel\iCLS Client\;C:\Program Files\Intel\iCLS Client\;C:\Windows\system32;C:\Windows;C:\Windows\System32\Wbem;C:\Windows\System32\WindowsPowerShell\v1.0\;C:\Program Files (x86)\Intel\Intel(R) Management Engine Components\DAL;C:\Program Files\Intel\Intel(R) Management Engine Components\DAL;C:\Program Files (x86)\Intel\Intel(R) Management Engine Components\IPT;C:\Program Files\Intel\Intel(R) Management Engine Components\IPT;C:\Program Files (x86)\NVIDIA Corporation\PhysX\Common;C:\WINDOWS\system32;C:\WINDOWS;C:\WINDOWS\System32\Wbem;C:\WINDOWS\System32\WindowsPowerShell\v1.0\;C:\WINDOWS\System32\OpenSSH\;C:\Program Files\Git LFS;C:\Program Files\PuTTY\;C:\wamp64\bin\php\php7.4.1;C:\wamp64\bin\php\php7.3.1;C:\ProgramData\ComposerSetup\bin;C:\Program Files\apache-maven-3.6.2\bin;C:\Program Files\nodejs\;C:\Program Files\Git\cmd;C:\Program Files\Microsoft SQL Server\Client SDK\ODBC\130\Tools\Binn\;C:\Program Files (x86)\Microsoft SQL Server\140\Tools\Binn\;C:\Program Files\Microsoft SQL Server\140\Tools\Binn\;C:\Program Files\Microsoft SQL Server\140\DTS\Binn\;C:\Program Files (x86)\Microsoft SQL Server\150\DTS\Binn\;C:\Program Files (x86)\Microsoft SQL Server\140\DTS\Binn\;;C:\Program Files\Symfony;C:\Program Files (x86)\Yarn\bin\;C:\Program Files\dotnet\;C:\Program Files\Microsoft SQL Server\130\Tools\Binn\;C:\Program Files\Microsoft SQL Server\Client SDK\ODBC\170\Tools\Binn\;C:\Program Files\MySQL\MySQL Shell 8.0\bin\;C:\Users\steve\AppData\Local\Programs\Microsoft VS Code\bin;C:\Users\steve\AppData\Roaming\npm;C:\Users\steve\AppData\Local\Yarn\bin;C:\Users\steve\AppData\Local\Microsoft\WindowsApps;C:\Users\steve\.dotnet\tools;C:\Program Files (x86)\Nmap;C:\src\flutter\bin;C:\Users\steve\AppData\Local\GitHubDesktop\bin
USERNAME=Moi
OS=Windows_NT
PROCESSOR_IDENTIFIER=Intel64 Family 6 Model 158 Stepping 9, GenuineIntel



---------------  S Y S T E M  ---------------

OS: Windows 10.0 , 64 bit Build 18362 (10.0.18362.1110)

CPU:total 8 (initial active 8) (4 cores per cpu, 2 threads per core) family 6 model 158 stepping 9, cmov, cx8, fxsr, mmx, sse, sse2, sse3, ssse3, sse4.1, sse4.2, popcnt, avx, avx2, aes, clmul, erms, 3dnowpref, lzcnt, ht, tsc, tscinvbit, bmi1, bmi2, adx

Memory: 4k page, physical 16662204k(1538212k free), swap 22806204k(1448k free)

vm_info: OpenJDK 64-Bit Server VM (25.242-b01) for windows-amd64 JRE (1.8.0_242-release-1644-b01), built by "builder" with MS VC++ 10.0 (VS2010)

time: Wed Oct 21 20:35:53 2020
timezone: Paris, Madrid (heure d’été)
elapsed time: 104 seconds (0d 0h 1m 44s)

