#
# There is insufficient memory for the Java Runtime Environment to continue.
# Native memory allocation (malloc) failed to allocate 68192 bytes for Chunk::new
# Possible reasons:
#   The system is out of physical RAM or swap space
#   The process is running with CompressedOops enabled, and the Java Heap may be blocking the growth of the native heap
# Possible solutions:
#   Reduce memory load on the system
#   Increase physical memory or swap space
#   Check if swap backing store is full
#   Decrease Java heap size (-Xmx/-Xms)
#   Decrease number of Java threads
#   Decrease Java thread stack sizes (-Xss)
#   Set larger code cache with -XX:ReservedCodeCacheSize=
#   JVM is running with Unscaled Compressed Oops mode in which the Java heap is
#     placed in the first 4GB address space. The Java Heap base address is the
#     maximum limit for the native heap growth. Please use -XX:HeapBaseMinAddress
#     to set the Java Heap base and to place the Java Heap above 4GB virtual address.
# This output file may be truncated or incomplete.
#
#  Out of Memory Error (allocation.cpp:389), pid=12368, tid=0x0000000000005454
#
# JRE version: OpenJDK Runtime Environment (8.0_242-b01) (build 1.8.0_242-release-1644-b01)
# Java VM: OpenJDK 64-Bit Server VM (25.242-b01 mixed mode windows-amd64 compressed oops)
# Failed to write core dump. Minidumps are not enabled by default on client versions of Windows
#

---------------  T H R E A D  ---------------

Current thread (0x0000000018975800):  JavaThread "C2 CompilerThread0" daemon [_thread_in_native, id=21588, stack(0x0000000019270000,0x0000000019370000)]

Stack: [0x0000000019270000,0x0000000019370000]
[error occurred during error reporting (printing stack bounds), id 0xc0000005]

Native frames: (J=compiled Java code, j=interpreted, Vv=VM code, C=native code)


Current CompileTask:
C2:7021462 26119       4       com.android.tools.r8.ir.conversion.o::a (366 bytes)


---------------  P R O C E S S  ---------------

Java Threads: ( => current thread )
  0x000000001f5a0800 JavaThread "ForkJoinPool.commonPool-worker-0" daemon [_thread_blocked, id=14676, stack(0x000000003cd20000,0x000000003ce20000)]
  0x0000000020b88000 JavaThread "ForkJoinPool.commonPool-worker-7" daemon [_thread_blocked, id=22200, stack(0x0000000040540000,0x0000000040640000)]
  0x0000000020b86000 JavaThread "ForkJoinPool.commonPool-worker-6" daemon [_thread_blocked, id=19952, stack(0x0000000040440000,0x0000000040540000)]
  0x0000000020b8c800 JavaThread "ForkJoinPool.commonPool-worker-5" daemon [_thread_blocked, id=3612, stack(0x0000000040340000,0x0000000040440000)]
  0x0000000020b8c000 JavaThread "ForkJoinPool.commonPool-worker-4" daemon [_thread_blocked, id=18480, stack(0x0000000040240000,0x0000000040340000)]
  0x0000000020b83000 JavaThread "ForkJoinPool.commonPool-worker-2" daemon [_thread_blocked, id=21052, stack(0x000000003e020000,0x000000003e120000)]
  0x0000000020b87800 JavaThread "WorkerExecutor Queue Thread 10" [_thread_blocked, id=16276, stack(0x000000002ab20000,0x000000002ac20000)]
  0x0000000020b89000 JavaThread "WorkerExecutor Queue Thread 7" [_thread_blocked, id=21264, stack(0x000000003cc20000,0x000000003cd20000)]
  0x0000000020b80000 JavaThread "WorkerExecutor Queue Thread 4" [_thread_blocked, id=22368, stack(0x000000002a7f0000,0x000000002a8f0000)]
  0x0000000020b86800 JavaThread "WorkerExecutor Queue Thread 3" [_thread_blocked, id=4212, stack(0x000000002a6f0000,0x000000002a7f0000)]
  0x000000001f59f000 JavaThread "stdout" [_thread_in_native, id=5176, stack(0x0000000029ab0000,0x0000000029bb0000)]
  0x000000001f59e000 JavaThread "stderr" [_thread_in_native, id=12732, stack(0x00000000299b0000,0x0000000029ab0000)]
  0x000000001f59b000 JavaThread "pool-16-thread-1" [_thread_blocked, id=6900, stack(0x00000000298b0000,0x00000000299b0000)]
  0x000000001f59d800 JavaThread "WorkerExecutor Queue Thread 2" [_thread_blocked, id=16056, stack(0x00000000297b0000,0x00000000298b0000)]
  0x000000001f599800 JavaThread "WorkerExecutor Queue" [_thread_in_Java, id=21436, stack(0x00000000290b0000,0x00000000291b0000)]
  0x000000001df40800 JavaThread "Cache worker for execution history cache (C:\Users\steve\Desktop\TheProjet\Scarlet-Serenity\.gradle\6.1.1\executionHistory)" [_thread_blocked, id=18576, stack(0x0000000028cb0000,0x0000000028db0000)]
  0x000000001df44800 JavaThread "Execution worker for ':' Thread 7" [_thread_blocked, id=15312, stack(0x0000000028bb0000,0x0000000028cb0000)]
  0x000000001df45000 JavaThread "Execution worker for ':' Thread 6" [_thread_blocked, id=10384, stack(0x0000000028ab0000,0x0000000028bb0000)]
  0x000000001df43000 JavaThread "Execution worker for ':' Thread 5" [_thread_blocked, id=18692, stack(0x00000000289b0000,0x0000000028ab0000)]
  0x000000001df43800 JavaThread "Execution worker for ':' Thread 4" [_thread_blocked, id=4244, stack(0x00000000287b0000,0x00000000288b0000)]
  0x000000001df38800 JavaThread "Execution worker for ':' Thread 3" [_thread_blocked, id=24432, stack(0x00000000286b0000,0x00000000287b0000)]
  0x000000001df3d800 JavaThread "Execution worker for ':' Thread 2" [_thread_blocked, id=3256, stack(0x0000000027eb0000,0x0000000027fb0000)]
  0x000000001df37800 JavaThread "Execution worker for ':'" [_thread_blocked, id=20080, stack(0x0000000027bb0000,0x0000000027cb0000)]
  0x000000001df3e800 JavaThread "Cache worker for file content cache (C:\Users\steve\Desktop\TheProjet\Scarlet-Serenity\.gradle\6.1.1\fileContent)" [_thread_blocked, id=11332, stack(0x0000000026a20000,0x0000000026b20000)]
  0x000000001df3b800 JavaThread "Cache worker for Build Output Cleanup Cache (C:\Users\steve\Desktop\TheProjet\Scarlet-Serenity\.gradle\buildOutputCleanup)" [_thread_blocked, id=18248, stack(0x0000000026660000,0x0000000026760000)]
  0x000000001df3c000 JavaThread "Build operations Thread 8" [_thread_blocked, id=12016, stack(0x0000000025d60000,0x0000000025e60000)]
  0x000000001df3a800 JavaThread "Build operations Thread 7" [_thread_blocked, id=16212, stack(0x0000000023dc0000,0x0000000023ec0000)]
  0x000000001df39000 JavaThread "Build operations Thread 6" [_thread_blocked, id=6596, stack(0x00000000236c0000,0x00000000237c0000)]
  0x000000001df3d000 JavaThread "Build operations Thread 5" [_thread_blocked, id=17604, stack(0x00000000235c0000,0x00000000236c0000)]
  0x000000001df36000 JavaThread "Build operations Thread 4" [_thread_blocked, id=11812, stack(0x00000000234c0000,0x00000000235c0000)]
  0x0000000022a56800 JavaThread "Build operations Thread 3" [_thread_blocked, id=6884, stack(0x00000000233c0000,0x00000000234c0000)]
  0x0000000022a52800 JavaThread "Build operations Thread 2" [_thread_blocked, id=21996, stack(0x00000000230c0000,0x00000000231c0000)]
  0x0000000022a56000 JavaThread "Build operations" [_thread_blocked, id=15620, stack(0x0000000022fc0000,0x00000000230c0000)]
  0x0000000022a52000 JavaThread "Cache worker for cache directory md-rule (C:\Users\steve\.gradle\caches\6.1.1\md-rule)" [_thread_blocked, id=14060, stack(0x000000001ffc0000,0x00000000200c0000)]
  0x0000000022a58000 JavaThread "Cache worker for cache directory md-supplier (C:\Users\steve\.gradle\caches\6.1.1\md-supplier)" [_thread_blocked, id=12860, stack(0x000000001fec0000,0x000000001ffc0000)]
  0x0000000022a54800 JavaThread "Cache worker for file hash cache (C:\Users\steve\Desktop\TheProjet\Scarlet-Serenity\.gradle\6.1.1\fileHashes)" [_thread_blocked, id=21156, stack(0x000000001fdc0000,0x000000001fec0000)]
  0x0000000022a4a800 JavaThread "Cache worker for checksums cache (C:\Users\steve\Desktop\TheProjet\Scarlet-Serenity\.gradle\checksums)" [_thread_blocked, id=6620, stack(0x000000001ea90000,0x000000001eb90000)]
  0x0000000022a51000 JavaThread "Thread-266" [_thread_blocked, id=19144, stack(0x000000001cfc0000,0x000000001d0c0000)]
  0x0000000022a50800 JavaThread "Stdin handler" [_thread_blocked, id=19240, stack(0x000000001cec0000,0x000000001cfc0000)]
  0x0000000022a49000 JavaThread "Asynchronous log dispatcher for DefaultDaemonConnection: socket connection from /127.0.0.1:2322 to /127.0.0.1:4254" [_thread_blocked, id=21284, stack(0x000000001cdc0000,0x000000001cec0000)]
  0x0000000022a4e000 JavaThread "Daemon worker Thread 8" [_thread_in_Java, id=8312, stack(0x000000001cac0000,0x000000001cbc0000)]
  0x0000000022a4d800 JavaThread "Cancel handler" [_thread_blocked, id=20868, stack(0x000000001c9c0000,0x000000001cac0000)]
  0x0000000022a4c800 JavaThread "Handler for socket connection from /127.0.0.1:2322 to /127.0.0.1:4254" [_thread_in_native, id=16608, stack(0x00000000011d0000,0x00000000012d0000)]
  0x0000000022a4c000 JavaThread "Daemon Thread 8" [_thread_blocked, id=16308, stack(0x00000000010d0000,0x00000000011d0000)]
  0x0000000022a55000 JavaThread "Cache worker for Java compile cache (C:\Users\steve\.gradle\caches\6.1.1\javaCompile)" [_thread_blocked, id=17936, stack(0x0000000028fb0000,0x00000000290b0000)]
  0x0000000022a49800 JavaThread "RMI TCP Accept-0" daemon [_thread_in_native, id=4188, stack(0x00000000288b0000,0x00000000289b0000)]
  0x0000000022a4b000 JavaThread "RMI Scheduler(0)" daemon [_thread_blocked, id=5448, stack(0x00000000285b0000,0x00000000286b0000)]
  0x0000000020b89800 JavaThread "Cache worker for file content cache (C:\Users\steve\.gradle\caches\6.1.1\fileContent)" [_thread_blocked, id=21644, stack(0x0000000024bd0000,0x0000000024cd0000)]
  0x0000000020b8e000 JavaThread "Memory manager" [_thread_blocked, id=17696, stack(0x00000000240c0000,0x00000000241c0000)]
  0x0000000019ee1800 JavaThread "Cache worker for execution history cache (C:\Users\steve\.gradle\caches\6.1.1\executionHistory)" [_thread_blocked, id=19108, stack(0x00000000212f0000,0x00000000213f0000)]
  0x0000000019ee6000 JavaThread "Cache worker for file hash cache (C:\Users\steve\.gradle\caches\6.1.1\fileHashes)" [_thread_blocked, id=21972, stack(0x000000001d7c0000,0x000000001d8c0000)]
  0x0000000019ee0000 JavaThread "File lock request listener" [_thread_in_native, id=5680, stack(0x000000001d6c0000,0x000000001d7c0000)]
  0x00000000198ba000 JavaThread "Cache worker for journal cache (C:\Users\steve\.gradle\caches\journal-1)" [_thread_blocked, id=19572, stack(0x000000001d5c0000,0x000000001d6c0000)]
  0x000000001a905800 JavaThread "Daemon periodic checks" [_thread_blocked, id=10416, stack(0x000000001c8c0000,0x000000001c9c0000)]
  0x000000001a8fe000 JavaThread "Incoming local TCP Connector on port 2322" [_thread_in_native, id=8560, stack(0x000000001c650000,0x000000001c750000)]
  0x000000001b2f5800 JavaThread "Daemon health stats" [_thread_blocked, id=11944, stack(0x000000001c010000,0x000000001c110000)]
  0x0000000018a05800 JavaThread "Service Thread" daemon [_thread_blocked, id=14608, stack(0x0000000019670000,0x0000000019770000)]
  0x0000000018984800 JavaThread "C1 CompilerThread3" daemon [_thread_blocked, id=2720, stack(0x0000000019570000,0x0000000019670000)]
  0x0000000018980800 JavaThread "C2 CompilerThread2" daemon [_thread_in_native, id=10928, stack(0x0000000019470000,0x0000000019570000)]
  0x0000000018978000 JavaThread "C2 CompilerThread1" daemon [_thread_in_native, id=14240, stack(0x0000000019370000,0x0000000019470000)]
=>0x0000000018975800 JavaThread "C2 CompilerThread0" daemon [_thread_in_native, id=21588, stack(0x0000000019270000,0x0000000019370000)]
  0x0000000018973000 JavaThread "Attach Listener" daemon [_thread_blocked, id=23748, stack(0x0000000019170000,0x0000000019270000)]
  0x0000000018970000 JavaThread "Signal Dispatcher" daemon [_thread_blocked, id=18016, stack(0x0000000019070000,0x0000000019170000)]
  0x0000000018961000 JavaThread "Finalizer" daemon [_thread_blocked, id=10864, stack(0x0000000018e40000,0x0000000018f40000)]
  0x0000000016b5c000 JavaThread "Reference Handler" daemon [_thread_blocked, id=23392, stack(0x0000000018d40000,0x0000000018e40000)]
  0x0000000002ca2800 JavaThread "main" [_thread_blocked, id=17632, stack(0x0000000002b80000,0x0000000002c80000)]

Other Threads:
  0x0000000016b56800 VMThread [stack: 0x0000000018840000,0x0000000018940000] [id=16848]
  0x0000000018a0e000 WatcherThread [stack: 0x0000000019770000,0x0000000019870000] [id=11404]

VM state:not at safepoint (normal execution)

VM Mutex/Monitor currently owned by a thread: None

heap address: 0x00000000a0000000, size: 1536 MB, Compressed Oops mode: 32-bit
Narrow klass base: 0x0000000000000000, Narrow klass shift: 3
Compressed class space size: 1073741824 Address: 0x0000000100000000

Heap:
 PSYoungGen      total 422912K, used 243189K [0x00000000e0000000, 0x00000000ffa00000, 0x0000000100000000)
  eden space 334848K, 71% used [0x00000000e0000000,0x00000000ee9bd770,0x00000000f4700000)
  from space 88064K, 4% used [0x00000000fa400000,0x00000000fa7c0000,0x00000000ffa00000)
  to   space 91648K, 0% used [0x00000000f4700000,0x00000000f4700000,0x00000000fa080000)
 ParOldGen       total 617472K, used 258777K [0x00000000a0000000, 0x00000000c5b00000, 0x00000000e0000000)
  object space 617472K, 41% used [0x00000000a0000000,0x00000000afcb65e0,0x00000000c5b00000)
 Metaspace       used 102052K, capacity 108040K, committed 109336K, reserved 1144832K
  class space    used 13112K, capacity 14161K, committed 14384K, reserved 1048576K

Card table byte_map: [0x0000000012160000,0x0000000012470000] byte_map_base: 0x0000000011c60000

Marking Bits: (ParMarkBitMap*) 0x00000000760cf030
 Begin Bits: [0x0000000012e70000, 0x0000000014670000)
 End Bits:   [0x0000000014670000, 0x0000000015e70000)

Polling page: 0x0000000000df0000

CodeCache: size=245760Kb used=73226Kb max_used=73226Kb free=172533Kb
 bounds [0x0000000002da0000, 0x0000000007590000, 0x0000000011da0000]
 total_blobs=21450 nmethods=20533 adapters=823
 compilation: enabled

Compilation events (10 events):
Event: 7021.226 Thread 0x0000000018980800 nmethod 24792 0x0000000007555910 code [0x0000000007555a60, 0x0000000007555af8]
Event: 7021.226 Thread 0x0000000018980800 24769       4       java.util.LinkedList$ListItr::add (60 bytes)
Event: 7021.230 Thread 0x0000000018980800 nmethod 24769 0x000000000756e910 code [0x000000000756ea60, 0x000000000756ed38]
Event: 7021.231 Thread 0x0000000018980800 24866       4       com.android.tools.r8.v.a.a.a.f.c0::k (52 bytes)
Event: 7021.234 Thread 0x0000000018980800 nmethod 24866 0x000000000753ebd0 code [0x000000000753ed20, 0x000000000753efb8]
Event: 7021.234 Thread 0x0000000018980800 24894       4       com.android.tools.r8.ir.optimize.w$b::a (207 bytes)
Event: 7021.422 Thread 0x0000000018984800 26132 %     3       com.android.tools.r8.ir.conversion.N::a @ 681 (737 bytes)
Event: 7021.427 Thread 0x0000000018984800 nmethod 26132% 0x00000000075775d0 code [0x0000000007577d00, 0x000000000757c818]
Event: 7021.450 Thread 0x0000000018984800 26133       3       com.android.tools.r8.ir.conversion.N::a (737 bytes)
Event: 7021.456 Thread 0x0000000018984800 nmethod 26133 0x000000000757f410 code [0x000000000757fb40, 0x0000000007584538]

GC Heap History (10 events):
Event: 7017.254 GC heap before
{Heap before GC invocations=72 (full 7):
 PSYoungGen      total 376832K, used 376821K [0x00000000e0000000, 0x0000000100000000, 0x0000000100000000)
  eden space 321536K, 100% used [0x00000000e0000000,0x00000000f3a00000,0x00000000f3a00000)
  from space 55296K, 99% used [0x00000000fca00000,0x00000000ffffd760,0x0000000100000000)
  to   space 101376K, 0% used [0x00000000f3a00000,0x00000000f3a00000,0x00000000f9d00000)
 ParOldGen       total 379392K, used 244206K [0x00000000a0000000, 0x00000000b7280000, 0x00000000e0000000)
  object space 379392K, 64% used [0x00000000a0000000,0x00000000aee7baf0,0x00000000b7280000)
 Metaspace       used 101232K, capacity 106942K, committed 108824K, reserved 1144832K
  class space    used 13008K, capacity 14006K, committed 14384K, reserved 1048576K
Event: 7017.353 GC heap after
Heap after GC invocations=72 (full 7):
 PSYoungGen      total 422912K, used 40715K [0x00000000e0000000, 0x0000000100000000, 0x0000000100000000)
  eden space 321536K, 0% used [0x00000000e0000000,0x00000000e0000000,0x00000000f3a00000)
  from space 101376K, 40% used [0x00000000f3a00000,0x00000000f61c2f90,0x00000000f9d00000)
  to   space 97280K, 0% used [0x00000000fa100000,0x00000000fa100000,0x0000000100000000)
 ParOldGen       total 379392K, used 298992K [0x00000000a0000000, 0x00000000b7280000, 0x00000000e0000000)
  object space 379392K, 78% used [0x00000000a0000000,0x00000000b23fc0b8,0x00000000b7280000)
 Metaspace       used 101232K, capacity 106942K, committed 108824K, reserved 1144832K
  class space    used 13008K, capacity 14006K, committed 14384K, reserved 1048576K
}
Event: 7018.701 GC heap before
{Heap before GC invocations=73 (full 7):
 PSYoungGen      total 422912K, used 362251K [0x00000000e0000000, 0x0000000100000000, 0x0000000100000000)
  eden space 321536K, 100% used [0x00000000e0000000,0x00000000f3a00000,0x00000000f3a00000)
  from space 101376K, 40% used [0x00000000f3a00000,0x00000000f61c2f90,0x00000000f9d00000)
  to   space 97280K, 0% used [0x00000000fa100000,0x00000000fa100000,0x0000000100000000)
 ParOldGen       total 379392K, used 298992K [0x00000000a0000000, 0x00000000b7280000, 0x00000000e0000000)
  object space 379392K, 78% used [0x00000000a0000000,0x00000000b23fc0b8,0x00000000b7280000)
 Metaspace       used 102052K, capacity 108048K, committed 109336K, reserved 1144832K
  class space    used 13112K, capacity 14163K, committed 14384K, reserved 1048576K
Event: 7018.738 GC heap after
Heap after GC invocations=73 (full 7):
 PSYoungGen      total 414720K, used 8532K [0x00000000e0000000, 0x00000000ff800000, 0x0000000100000000)
  eden space 325632K, 0% used [0x00000000e0000000,0x00000000e0000000,0x00000000f3e00000)
  from space 89088K, 9% used [0x00000000fa100000,0x00000000fa9551f0,0x00000000ff800000)
  to   space 95232K, 0% used [0x00000000f3e00000,0x00000000f3e00000,0x00000000f9b00000)
 ParOldGen       total 379392K, used 327393K [0x00000000a0000000, 0x00000000b7280000, 0x00000000e0000000)
  object space 379392K, 86% used [0x00000000a0000000,0x00000000b3fb87d8,0x00000000b7280000)
 Metaspace       used 102052K, capacity 108048K, committed 109336K, reserved 1144832K
  class space    used 13112K, capacity 14163K, committed 14384K, reserved 1048576K
}
Event: 7018.738 GC heap before
{Heap before GC invocations=74 (full 8):
 PSYoungGen      total 414720K, used 8532K [0x00000000e0000000, 0x00000000ff800000, 0x0000000100000000)
  eden space 325632K, 0% used [0x00000000e0000000,0x00000000e0000000,0x00000000f3e00000)
  from space 89088K, 9% used [0x00000000fa100000,0x00000000fa9551f0,0x00000000ff800000)
  to   space 95232K, 0% used [0x00000000f3e00000,0x00000000f3e00000,0x00000000f9b00000)
 ParOldGen       total 379392K, used 327393K [0x00000000a0000000, 0x00000000b7280000, 0x00000000e0000000)
  object space 379392K, 86% used [0x00000000a0000000,0x00000000b3fb87d8,0x00000000b7280000)
 Metaspace       used 102052K, capacity 108048K, committed 109336K, reserved 1144832K
  class space    used 13112K, capacity 14163K, committed 14384K, reserved 1048576K
Event: 7019.674 GC heap after
Heap after GC invocations=74 (full 8):
 PSYoungGen      total 414720K, used 0K [0x00000000e0000000, 0x00000000ff800000, 0x0000000100000000)
  eden space 325632K, 0% used [0x00000000e0000000,0x00000000e0000000,0x00000000f3e00000)
  from space 89088K, 0% used [0x00000000fa100000,0x00000000fa100000,0x00000000ff800000)
  to   space 95232K, 0% used [0x00000000f3e00000,0x00000000f3e00000,0x00000000f9b00000)
 ParOldGen       total 617472K, used 258777K [0x00000000a0000000, 0x00000000c5b00000, 0x00000000e0000000)
  object space 617472K, 41% used [0x00000000a0000000,0x00000000afcb65e0,0x00000000c5b00000)
 Metaspace       used 102049K, capacity 108040K, committed 109336K, reserved 1144832K
  class space    used 13111K, capacity 14161K, committed 14384K, reserved 1048576K
}
Event: 7020.355 GC heap before
{Heap before GC invocations=75 (full 8):
 PSYoungGen      total 414720K, used 325632K [0x00000000e0000000, 0x00000000ff800000, 0x0000000100000000)
  eden space 325632K, 100% used [0x00000000e0000000,0x00000000f3e00000,0x00000000f3e00000)
  from space 89088K, 0% used [0x00000000fa100000,0x00000000fa100000,0x00000000ff800000)
  to   space 95232K, 0% used [0x00000000f3e00000,0x00000000f3e00000,0x00000000f9b00000)
 ParOldGen       total 617472K, used 258777K [0x00000000a0000000, 0x00000000c5b00000, 0x00000000e0000000)
  object space 617472K, 41% used [0x00000000a0000000,0x00000000afcb65e0,0x00000000c5b00000)
 Metaspace       used 102052K, capacity 108040K, committed 109336K, reserved 1144832K
  class space    used 13112K, capacity 14161K, committed 14384K, reserved 1048576K
Event: 7020.364 GC heap after
Heap after GC invocations=75 (full 8):
 PSYoungGen      total 420864K, used 1952K [0x00000000e0000000, 0x0000000100000000, 0x0000000100000000)
  eden space 325632K, 0% used [0x00000000e0000000,0x00000000e0000000,0x00000000f3e00000)
  from space 95232K, 2% used [0x00000000f3e00000,0x00000000f3fe8000,0x00000000f9b00000)
  to   space 94208K, 0% used [0x00000000fa400000,0x00000000fa400000,0x0000000100000000)
 ParOldGen       total 617472K, used 258777K [0x00000000a0000000, 0x00000000c5b00000, 0x00000000e0000000)
  object space 617472K, 41% used [0x00000000a0000000,0x00000000afcb65e0,0x00000000c5b00000)
 Metaspace       used 102052K, capacity 108040K, committed 109336K, reserved 1144832K
  class space    used 13112K, capacity 14161K, committed 14384K, reserved 1048576K
}
Event: 7021.003 GC heap before
{Heap before GC invocations=76 (full 8):
 PSYoungGen      total 420864K, used 327584K [0x00000000e0000000, 0x0000000100000000, 0x0000000100000000)
  eden space 325632K, 100% used [0x00000000e0000000,0x00000000f3e00000,0x00000000f3e00000)
  from space 95232K, 2% used [0x00000000f3e00000,0x00000000f3fe8000,0x00000000f9b00000)
  to   space 94208K, 0% used [0x00000000fa400000,0x00000000fa400000,0x0000000100000000)
 ParOldGen       total 617472K, used 258777K [0x00000000a0000000, 0x00000000c5b00000, 0x00000000e0000000)
  object space 617472K, 41% used [0x00000000a0000000,0x00000000afcb65e0,0x00000000c5b00000)
 Metaspace       used 102052K, capacity 108040K, committed 109336K, reserved 1144832K
  class space    used 13112K, capacity 14161K, committed 14384K, reserved 1048576K
Event: 7021.009 GC heap after
Heap after GC invocations=76 (full 8):
 PSYoungGen      total 422912K, used 3840K [0x00000000e0000000, 0x00000000ffa00000, 0x0000000100000000)
  eden space 334848K, 0% used [0x00000000e0000000,0x00000000e0000000,0x00000000f4700000)
  from space 88064K, 4% used [0x00000000fa400000,0x00000000fa7c0000,0x00000000ffa00000)
  to   space 91648K, 0% used [0x00000000f4700000,0x00000000f4700000,0x00000000fa080000)
 ParOldGen       total 617472K, used 258777K [0x00000000a0000000, 0x00000000c5b00000, 0x00000000e0000000)
  object space 617472K, 41% used [0x00000000a0000000,0x00000000afcb65e0,0x00000000c5b00000)
 Metaspace       used 102052K, capacity 108040K, committed 109336K, reserved 1144832K
  class space    used 13112K, capacity 14161K, committed 14384K, reserved 1048576K
}

Deoptimization events (10 events):
Event: 7017.764 Thread 0x000000001f599800 Uncommon trap: reason=unstable_if action=reinterpret pc=0x0000000006e8a3f0 method=com.android.tools.r8.ir.conversion.N.j()Z @ 10
Event: 7017.765 Thread 0x000000001f599800 Uncommon trap: reason=unstable_if action=reinterpret pc=0x000000000715321c method=com.android.tools.r8.ir.conversion.N.a(Lcom/android/tools/r8/graph/T;)Lcom/android/tools/r8/u/b/W; @ 1583
Event: 7017.773 Thread 0x000000001f599800 Uncommon trap: reason=class_check action=maybe_recompile pc=0x0000000006f66f74 method=com.android.tools.r8.utils.g0.D()Lcom/android/tools/r8/utils/h0; @ 49
Event: 7017.774 Thread 0x000000001f599800 Uncommon trap: reason=class_check action=maybe_recompile pc=0x0000000006f66f74 method=com.android.tools.r8.utils.g0.D()Lcom/android/tools/r8/utils/h0; @ 49
Event: 7017.775 Thread 0x000000001f599800 Uncommon trap: reason=unstable_if action=reinterpret pc=0x0000000006c9bb68 method=com.android.tools.r8.ir.conversion.N.a(Lcom/android/tools/r8/graph/T;)Lcom/android/tools/r8/u/b/W; @ 1583
Event: 7017.775 Thread 0x000000001f599800 Uncommon trap: reason=class_check action=maybe_recompile pc=0x0000000006f66f74 method=com.android.tools.r8.utils.g0.D()Lcom/android/tools/r8/utils/h0; @ 49
Event: 7020.509 Thread 0x0000000022a4e000 Uncommon trap: reason=unstable_if action=reinterpret pc=0x0000000005a205ec method=com.android.tools.r8.ir.optimize.C.doHash(Ljava/lang/Object;)I @ 21
Event: 7020.718 Thread 0x0000000022a4e000 Uncommon trap: reason=class_check action=maybe_recompile pc=0x0000000005b271ec method=com.android.tools.r8.ir.conversion.O.c(Lcom/android/tools/r8/u/b/W;)V @ 157
Event: 7021.039 Thread 0x0000000022a4e000 Uncommon trap: reason=class_check action=maybe_recompile pc=0x00000000062854a8 method=com.android.tools.r8.ir.optimize.l.m(Lcom/android/tools/r8/u/b/W;)V @ 420
Event: 7021.185 Thread 0x000000001f599800 Uncommon trap: reason=null_check action=make_not_entrant pc=0x00000000074bcb24 method=com.android.tools.r8.graph.i0.definitionFor(Lcom/android/tools/r8/graph/f0;)Lcom/android/tools/r8/graph/C; @ 53

Classes redefined (0 events):
No events

Internal exceptions (10 events):
Event: 7012.648 Thread 0x0000000020b80000 Exception <a 'sun/nio/fs/WindowsException'> (0x00000000e3be0050) thrown at [C:\src\AOSP-openjdk-git\hotspot\src\share\vm\prims\jni.cpp, line 710]
Event: 7012.649 Thread 0x0000000020b80000 Exception <a 'sun/nio/fs/WindowsException'> (0x00000000e3c295f0) thrown at [C:\src\AOSP-openjdk-git\hotspot\src\share\vm\prims\jni.cpp, line 710]
Event: 7012.650 Thread 0x0000000020b80000 Exception <a 'sun/nio/fs/WindowsException'> (0x00000000e3c73b90) thrown at [C:\src\AOSP-openjdk-git\hotspot\src\share\vm\prims\jni.cpp, line 710]
Event: 7012.652 Thread 0x0000000020b80000 Exception <a 'sun/nio/fs/WindowsException'> (0x00000000e3cbc2f8) thrown at [C:\src\AOSP-openjdk-git\hotspot\src\share\vm\prims\jni.cpp, line 710]
Event: 7012.711 Thread 0x0000000022a51000 Exception <a 'java/lang/NoSuchMethodError': <clinit>> (0x00000000e4d94f58) thrown at [C:\src\AOSP-openjdk-git\hotspot\src\share\vm\prims\jni.cpp, line 1615]
Event: 7012.838 Thread 0x000000001df37800 Exception <a 'java/lang/NoSuchMethodError': <clinit>> (0x00000000e5e94478) thrown at [C:\src\AOSP-openjdk-git\hotspot\src\share\vm\prims\jni.cpp, line 1615]
Event: 7012.839 Thread 0x000000001df37800 Exception <a 'java/lang/NoSuchMethodError': <clinit>> (0x00000000e5ea5f58) thrown at [C:\src\AOSP-openjdk-git\hotspot\src\share\vm\prims\jni.cpp, line 1615]
Event: 7013.515 Thread 0x0000000022a51000 Exception <a 'java/lang/NoSuchMethodError': <clinit>> (0x00000000f77acc20) thrown at [C:\src\AOSP-openjdk-git\hotspot\src\share\vm\prims\jni.cpp, line 1615]
Event: 7013.637 Thread 0x000000001df43000 Exception <a 'sun/nio/fs/WindowsException'> (0x00000000fa0a7118) thrown at [C:\src\AOSP-openjdk-git\hotspot\src\share\vm\prims\jni.cpp, line 710]
Event: 7021.185 Thread 0x000000001f599800 Implicit null exception at 0x00000000074bc718 to 0x00000000074bcb19

Events (10 events):
Event: 7020.889 Executing VM operation: ForceSafepoint
Event: 7020.890 Executing VM operation: ForceSafepoint done
Event: 7021.002 Executing VM operation: ParallelGCFailedAllocation
Event: 7021.009 Executing VM operation: ParallelGCFailedAllocation done
Event: 7021.039 Thread 0x0000000022a4e000 Uncommon trap: trap_request=0xffffffde fr.pc=0x00000000062854a8
Event: 7021.039 Thread 0x0000000022a4e000 DEOPT PACKING pc=0x00000000062854a8 sp=0x000000001cbb9500
Event: 7021.040 Thread 0x0000000022a4e000 DEOPT UNPACKING pc=0x0000000002de557b sp=0x000000001cbb9568 mode 2
Event: 7021.185 Thread 0x000000001f599800 Uncommon trap: trap_request=0xfffffff4 fr.pc=0x00000000074bcb24
Event: 7021.185 Thread 0x000000001f599800 DEOPT PACKING pc=0x00000000074bcb24 sp=0x00000000291adf70
Event: 7021.185 Thread 0x000000001f599800 DEOPT UNPACKING pc=0x0000000002de557b sp=0x00000000291adec0 mode 2


Dynamic libraries:
0x00007ff707610000 - 0x00007ff707641000 	C:\Program Files\Android\Android Studio\jre\bin\java.exe
0x00007ffd40020000 - 0x00007ffd40210000 	C:\WINDOWS\SYSTEM32\ntdll.dll
0x00007ffd3e550000 - 0x00007ffd3e602000 	C:\WINDOWS\System32\KERNEL32.DLL
0x00007ffd3d460000 - 0x00007ffd3d705000 	C:\WINDOWS\System32\KERNELBASE.dll
0x00007ffd3e810000 - 0x00007ffd3e8b3000 	C:\WINDOWS\System32\ADVAPI32.dll
0x00007ffd3f110000 - 0x00007ffd3f1ae000 	C:\WINDOWS\System32\msvcrt.dll
0x00007ffd3f430000 - 0x00007ffd3f4c7000 	C:\WINDOWS\System32\sechost.dll
0x00007ffd3f950000 - 0x00007ffd3fa70000 	C:\WINDOWS\System32\RPCRT4.dll
0x00007ffd3f1d0000 - 0x00007ffd3f364000 	C:\WINDOWS\System32\USER32.dll
0x00007ffd3d060000 - 0x00007ffd3d081000 	C:\WINDOWS\System32\win32u.dll
0x00007ffd3f4d0000 - 0x00007ffd3f4f6000 	C:\WINDOWS\System32\GDI32.dll
0x00007ffd3d290000 - 0x00007ffd3d426000 	C:\WINDOWS\System32\gdi32full.dll
0x00007ffd3de90000 - 0x00007ffd3df2e000 	C:\WINDOWS\System32\msvcp_win.dll
0x00007ffd3df30000 - 0x00007ffd3e02a000 	C:\WINDOWS\System32\ucrtbase.dll
0x00007ffd2c720000 - 0x00007ffd2c9a4000 	C:\WINDOWS\WinSxS\amd64_microsoft.windows.common-controls_6595b64144ccf1df_6.0.18362.1139_none_9e7bf2d3e4605ac6\COMCTL32.dll
0x00007ffd3e210000 - 0x00007ffd3e545000 	C:\WINDOWS\System32\combase.dll
0x00007ffd3e050000 - 0x00007ffd3e0d0000 	C:\WINDOWS\System32\bcryptPrimitives.dll
0x00007ffd3f370000 - 0x00007ffd3f39e000 	C:\WINDOWS\System32\IMM32.DLL
0x0000000073540000 - 0x0000000073612000 	C:\Program Files\Android\Android Studio\jre\jre\bin\msvcr100.dll
0x0000000075900000 - 0x000000007614b000 	C:\Program Files\Android\Android Studio\jre\jre\bin\server\jvm.dll
0x00007ffd3ffc0000 - 0x00007ffd3ffc8000 	C:\WINDOWS\System32\PSAPI.DLL
0x00007ffd35d60000 - 0x00007ffd35d69000 	C:\WINDOWS\SYSTEM32\WSOCK32.dll
0x00007ffd3fa70000 - 0x00007ffd3fadf000 	C:\WINDOWS\System32\WS2_32.dll
0x00007ffd3b9d0000 - 0x00007ffd3b9da000 	C:\WINDOWS\SYSTEM32\VERSION.dll
0x00007ffd38990000 - 0x00007ffd389b4000 	C:\WINDOWS\SYSTEM32\WINMM.dll
0x00007ffd388d0000 - 0x00007ffd388fd000 	C:\WINDOWS\SYSTEM32\winmmbase.dll
0x00007ffd3d010000 - 0x00007ffd3d05a000 	C:\WINDOWS\System32\cfgmgr32.dll
0x00007ffd35ec0000 - 0x00007ffd35ecf000 	C:\Program Files\Android\Android Studio\jre\jre\bin\verify.dll
0x00007ffd0a950000 - 0x00007ffd0a979000 	C:\Program Files\Android\Android Studio\jre\jre\bin\java.dll
0x00007ffd06c80000 - 0x00007ffd06c96000 	C:\Program Files\Android\Android Studio\jre\jre\bin\zip.dll
0x00007ffd3e8c0000 - 0x00007ffd3efa7000 	C:\WINDOWS\System32\SHELL32.dll
0x00007ffd3f560000 - 0x00007ffd3f609000 	C:\WINDOWS\System32\shcore.dll
0x00007ffd3d710000 - 0x00007ffd3de90000 	C:\WINDOWS\System32\windows.storage.dll
0x00007ffd3cf80000 - 0x00007ffd3cfa3000 	C:\WINDOWS\System32\profapi.dll
0x00007ffd3cf10000 - 0x00007ffd3cf5a000 	C:\WINDOWS\System32\powrprof.dll
0x00007ffd3cee0000 - 0x00007ffd3cef0000 	C:\WINDOWS\System32\UMPDC.dll
0x00007ffd3f500000 - 0x00007ffd3f552000 	C:\WINDOWS\System32\shlwapi.dll
0x00007ffd3cf60000 - 0x00007ffd3cf71000 	C:\WINDOWS\System32\kernel.appcore.dll
0x00007ffd3e030000 - 0x00007ffd3e047000 	C:\WINDOWS\System32\cryptsp.dll
0x00007ffd06c60000 - 0x00007ffd06c7a000 	C:\Program Files\Android\Android Studio\jre\jre\bin\net.dll
0x00007ffd3c730000 - 0x00007ffd3c797000 	C:\WINDOWS\system32\mswsock.dll
0x00007ffcfd270000 - 0x00007ffcfd283000 	C:\Program Files\Android\Android Studio\jre\jre\bin\nio.dll
0x00007ffd0d540000 - 0x00007ffd0d566000 	C:\Users\steve\.gradle\native\31\windows-amd64\native-platform.dll
0x00007ffd35eb0000 - 0x00007ffd35ebd000 	C:\Program Files\Android\Android Studio\jre\jre\bin\management.dll
0x00007ffd3c2a0000 - 0x00007ffd3c2d3000 	C:\WINDOWS\system32\rsaenh.dll
0x00007ffd3d430000 - 0x00007ffd3d456000 	C:\WINDOWS\System32\bcrypt.dll
0x00007ffd3ce00000 - 0x00007ffd3ce25000 	C:\WINDOWS\SYSTEM32\USERENV.dll
0x00007ffd3c900000 - 0x00007ffd3c90c000 	C:\WINDOWS\SYSTEM32\CRYPTBASE.dll
0x00007ffd3c440000 - 0x00007ffd3c47a000 	C:\WINDOWS\SYSTEM32\IPHLPAPI.DLL
0x00007ffd3ffd0000 - 0x00007ffd3ffd8000 	C:\WINDOWS\System32\NSI.dll
0x00007ffd34010000 - 0x00007ffd34026000 	C:\WINDOWS\SYSTEM32\dhcpcsvc6.DLL
0x00007ffd33ff0000 - 0x00007ffd3400c000 	C:\WINDOWS\SYSTEM32\dhcpcsvc.DLL
0x00007ffd3c480000 - 0x00007ffd3c54b000 	C:\WINDOWS\SYSTEM32\DNSAPI.dll
0x00007ffd24e30000 - 0x00007ffd24e4e000 	C:\Users\steve\AppData\Local\Temp\native-platform2270955045300241637dir\native-platform.dll

VM Arguments:
jvm_args: -Xmx1536m -Dfile.encoding=windows-1252 -Duser.country=FR -Duser.language=fr -Duser.variant 
java_command: org.gradle.launcher.daemon.bootstrap.GradleDaemon 6.1.1
java_class_path (initial): C:\Users\steve\.gradle\wrapper\dists\gradle-6.1.1-all\cfmwm155h49vnt3hynmlrsdst\gradle-6.1.1\lib\gradle-launcher-6.1.1.jar
Launcher Type: SUN_STANDARD

Environment Variables:
JAVA_HOME=C:\Program Files\Java\jdk-10.0.1
PATH=C:\Program Files\Microsoft MPI\Bin\;E:\SQLappli\app\oracle\product\11.2.0\server\bin;C:\Program Files (x86)\Common Files\Oracle\Java\javapath;C:\Program Files (x86)\Intel\iCLS Client\;C:\Program Files\Intel\iCLS Client\;C:\Windows\system32;C:\Windows;C:\Windows\System32\Wbem;C:\Windows\System32\WindowsPowerShell\v1.0\;C:\Program Files (x86)\Intel\Intel(R) Management Engine Components\DAL;C:\Program Files\Intel\Intel(R) Management Engine Components\DAL;C:\Program Files (x86)\Intel\Intel(R) Management Engine Components\IPT;C:\Program Files\Intel\Intel(R) Management Engine Components\IPT;C:\Program Files (x86)\NVIDIA Corporation\PhysX\Common;C:\WINDOWS\system32;C:\WINDOWS;C:\WINDOWS\System32\Wbem;C:\WINDOWS\System32\WindowsPowerShell\v1.0\;C:\WINDOWS\System32\OpenSSH\;C:\Program Files\Git LFS;C:\Program Files\PuTTY\;C:\wamp64\bin\php\php7.4.1;C:\wamp64\bin\php\php7.3.1;C:\ProgramData\ComposerSetup\bin;C:\Program Files\apache-maven-3.6.2\bin;C:\Program Files\nodejs\;C:\Program Files\Git\cmd;C:\Program Files\Microsoft SQL Server\Client SDK\ODBC\130\Tools\Binn\;C:\Program Files (x86)\Microsoft SQL Server\140\Tools\Binn\;C:\Program Files\Microsoft SQL Server\140\Tools\Binn\;C:\Program Files\Microsoft SQL Server\140\DTS\Binn\;C:\Program Files (x86)\Microsoft SQL Server\150\DTS\Binn\;C:\Program Files (x86)\Microsoft SQL Server\140\DTS\Binn\;;C:\Program Files\Symfony;C:\Program Files (x86)\Yarn\bin\;C:\Program Files\dotnet\;C:\Program Files\Microsoft SQL Server\130\Tools\Binn\;C:\Program Files\Microsoft SQL Server\Client SDK\ODBC\170\Tools\Binn\;C:\HashiCorp\Vagrant\bin;C:\opscode\inspec\bin\;C:\Program Files\MySQL\MySQL Shell 8.0\bin\;C:\Users\steve\AppData\Local\Programs\Microsoft VS Code\bin;C:\Users\steve\AppData\Roaming\npm;C:\Users\steve\AppData\Local\Yarn\bin;C:\Users\steve\AppData\Local\Microsoft\WindowsApps;C:\Users\steve\.dotnet\tools;C:\Program Files (x86)\Nmap;C:\src\flutter\bin;C:\Users\steve\AppData\Local\GitHubDesktop\bin
USERNAME=Moi
OS=Windows_NT
PROCESSOR_IDENTIFIER=Intel64 Family 6 Model 158 Stepping 9, GenuineIntel



---------------  S Y S T E M  ---------------

OS: Windows 10.0 , 64 bit Build 18362 (10.0.18362.1110)

CPU:total 8 (initial active 8) (4 cores per cpu, 2 threads per core) family 6 model 158 stepping 9, cmov, cx8, fxsr, mmx, sse, sse2, sse3, ssse3, sse4.1, sse4.2, popcnt, avx, avx2, aes, clmul, erms, 3dnowpref, lzcnt, ht, tsc, tscinvbit, bmi1, bmi2, adx

Memory: 4k page, physical 16662204k(1521720k free), swap 22806204k(5556k free)

vm_info: OpenJDK 64-Bit Server VM (25.242-b01) for windows-amd64 JRE (1.8.0_242-release-1644-b01), built by "builder" with MS VC++ 10.0 (VS2010)

time: Wed Oct 28 10:50:10 2020
timezone: Paris, Madrid
elapsed time: 7021 seconds (0d 1h 57m 1s)

